78.9368	51.364	253.91	0.640994	-0.758797	0.0604592	-0.0984781	0.81409
84.5259	75.0131	250.027	0.668505	0.482304	-0.4301	0.368101	0.810419


42.4405	56.1278	306.118	0.0441528	0.0931803	0.760072	0.641606	0.699661
47.4215	80.0575	301.998	-0.328951	-0.385746	-0.510464	0.694563	0.5201


4.83422	-62.2935	261.262	0.383757	0.187597	0.833297	-0.350935	1.4764
17.369	-80.3312	250.155	-0.300542	-0.136265	0.511368	0.793479	1.51452


68.5197	-68.2184	264.06	-0.0523823	0.51157	-0.119291	0.849307	1.23663
89.9531	-72.1076	275.339	-0.490968	0.423461	0.740848	-0.175427	1.28956


-16.6397	-0.443589	384.826	0.6618	0.317014	-0.308237	-0.605403	0.490446
0	0	0	1	0	0	0	0.1


-10.5462	-53.5051	313.859	0.430059	0.753142	-0.402495	-0.292957	1.03579
-30.1791	-63.5905	302.611	0.851154	-0.19656	0.482079	0.0670829	1.11855


0	0	0	1	0	0	0	0.1
0	0	0	1	0	0	0	0.1


-11.9835	6.90139	271.994	-0.270277	0.862839	0.0229705	0.426534	0.932939
5.57198	18.8756	259.073	0.714346	-0.00270794	-0.493744	0.495903	0.96936


2.55951	29.2941	323.693	0.0626903	-0.154751	0.88293	0.438812	0.732018
2.20049	49.1934	308.821	0.604521	0.298496	0.331122	-0.660161	0.637119


43.9825	-61.4357	328.59	0.780928	0.44991	0.365234	0.233102	0.860737
0	0	0	0	0.5	0	0	200


30.0588	-27.1293	323.538	0.875526	0.435599	0.204858	-0.0417208	0.782829
0	0	0	1	0	0	0	0.1


-0.502098	-45.1379	351.755	0.792808	0.266812	-0.262349	0.481083	0.881694
0	0	0	1	0	0	0	0.1


0	0	0	1	0	0	0	0.1
0	0	0	1	0	0	0	0.1


-36.3671	70.5998	269.562	-0.465623	0.636314	-0.197948	-0.582337	0.734854
-50.0881	90.9419	272.431	0.632869	0.713543	0.238564	0.18281	0.514849


94.9847	-52.8883	265.974	-0.176381	-0.184582	0.685273	-0.682071	1.21312
95.204	-77.371	265.757	0.53246	-0.521961	-0.476876	-0.465438	1.32242


29.9455	-71.254	354.225	-0.268244	-0.0249343	-0.585427	0.764656	0.845872
0	0	0	1	0	0	0	0.1


88.7918	-55.7297	304.61	0.560637	0.358383	0.746328	0.0155699	0.979215
109.832	-64.8068	295.651	-0.110622	-0.488106	0.299133	0.812425	1.18639


31.6907	-53.9583	201.864	0.441017	0.806303	0.358374	0.164161	1.87004
0	0	0	1	0	0	0	0.1


66.0352	8.39582	288.82	0.000799565	0.614828	0.357199	0.703132	0.856475
87.4036	20.5705	288.616	0.321523	-0.390022	-0.586949	0.632453	0.795077


12.461	-49.3081	266.312	0.429855	0.815595	0.328797	0.204748	1.24018
27.3824	-63.4043	252.344	0.502506	-0.468327	0.0796075	0.722372	1.43397


-6.6768	11.2099	249.624	0.197122	-0.627582	0.358971	0.662136	1.02864
-23.9004	28.9494	248.65	0.717682	0.530499	0.448741	0.0462113	0.995442


0	0	0	1	0	0	0	0.1
0	0	0	1	0	0	0	0.1


0	0	0	1	0	0	0	0.1
0	0	0	1	0	0	0	0.1


59.5957	-39.9117	313.142	0.620321	-0.668875	0.0221908	-0.409042	0.900557
73.8706	-19.8421	315.412	0.578083	0.290495	-0.674383	0.355866	0.852484


16.5072	-10.0348	305.363	0.731663	-0.0287216	0.61845	0.285244	0.814114
38.2576	-0.00915036	310.828	0.363231	0.777058	-0.165383	-0.486716	0.808392


29.9902	-77.4612	343.788	-0.150687	0.207804	-0.516427	0.816955	0.937105
0	0	0	1	0	0	0	0.1


0	0	0	1	0	0	0	0.1
0	0	0	1	0	0	0	0.1


0	0	0	1	0	0	0	0.1
0	0	0	1	0	0	0	0.1


53.4579	52.2622	261.8	-0.244943	0.867464	-0.407568	-0.146277	0.762286
52.0909	65.6031	241.036	0.949058	0.287545	-0.000867457	0.128864	0.793793


4.747	39.0618	264.585	-0.0568154	0.895796	-0.179895	0.402443	0.828254
0	0	0	1	0	0	0	0.1


90.5148	-24.4292	227.181	-0.151034	0.670474	-0.634376	0.353863	1.3454
106.929	-30.4915	209.983	0.910699	-0.0646966	-0.374516	-0.161798	1.50164


111.06	-73.5625	325.025	0.235642	0.508737	-0.32068	0.763429	1.05224
0	0	0	1	0	0	0	0.1


0	0	0	1	0	0	0	0.1
0	0	0	1	0	0	0	0.1


7.89124	20.7794	272.819	-0.0697817	0.506583	0.7618	0.3977	0.899676
15.5221	37.3162	256.06	0.00698896	-0.164305	-0.36472	0.916479	0.777661


41.0522	81.225	321.186	-0.216559	-0.487726	0.678429	0.504935	0.513785
21.6593	93.2338	311.585	0.776262	0.0936693	0.540694	-0.310312	0.540376


0	0	0	1	0	0	0	0.1
0	0	0	1	0	0	0	0.1


83.4748	21.596	295.394	0.890543	-0.281752	-0.156153	-0.321193	0.73939
0	0	0	1	0	0	0	0.1


-1.96342	22.8054	319.477	0.839931	-0.283112	0.424709	-0.184354	0.67171
18.1233	31.1117	331.102	-0.473174	-0.601485	0.617427	0.181948	0.585246


2.72454	-49.0508	330.802	0.758518	0.607552	-0.21309	0.100618	0.856264
-2.50776	-72.9549	334.85	0.630702	-0.683244	0.33515	0.151881	0.913847


11.5741	22.6027	323.004	0.246598	0.452175	0.557673	0.650944	0.587269
33.0291	34.83	322.087	0.0766896	-0.567166	-0.40401	0.713595	0.623466


42.2049	2.53024	361.253	0.12164	-0.414499	0.540967	0.72163	0.572428
30.4214	24.2153	362.993	0.641081	0.505751	0.534605	-0.217782	0.493664


-37.6439	50.0683	321.118	-0.365193	-0.543949	0.3587	0.664897	0.593999
0	0	0	1	0	0	0	0.1


-4.03567	-17.1583	269.407	0.535323	0.820358	-0.149069	0.13498	1.01179
-2.82084	-39.9153	259.996	0.7698	-0.522898	0.179585	0.31896	1.21943


0	1.32888e-311	4.45416e-312	0.5	-6.64441e-312	6.64536e-312	0	200
0	0	0	1	0	0	0	0.1


0	0	0	1	0	0	0	0.1
0	0	0	1	0	0	0	0.1


58.6366	42.0609	345.022	-0.357015	0.456095	0.766087	0.278618	0.626734
51.615	60.584	330.179	-0.0379446	0.137395	-0.422257	0.895199	0.551197


0	0	0	1	0	0	0	0.1
0	0	0	1	0	0	0	0.1


60.2796	-55.761	290.661	0.562999	0.678408	-0.0671357	-0.467212	1.0769
42.8509	-72.919	293.195	0.597113	-0.220253	0.710476	0.300281	1.14898


-45.2099	2.48596	329.264	0.293668	-0.491756	-0.00491353	0.819702	0.791598
0	0	0	1	0	0	0	0.1


0	0	0	1	0	0	0	0.1
0	0	0	1	0	0	0	0.1


0	0	0	1	0	0	0	0.1
0	0	0	1	0	0	0	0.1


0	0	0	1	0	0	0	0.1
0	0	0	1	0	0	0	0.1


-39.9633	18.7615	320.089	-0.314012	-0.276263	0.663039	0.62085	0.661889
-58.8937	35.0605	319.293	0.600903	0.0810394	0.679223	-0.413526	0.680891


0	0	0	1	0	0	0	0.1
0	0	0	1	0	0	0	0.1


42.1857	-23.3543	300.426	0.320371	0.616752	-0.480373	0.534996	0.922918
50.6755	-45.7176	294.71	0.778841	-0.564536	-0.266971	-0.0585915	0.987987


56.9211	12.8553	308.203	-0.324488	0.618964	0.102225	0.707914	0.81255
76.9689	26.491	313.219	-0.464825	0.119976	0.760944	-0.436471	0.655354


-9.27405	74.2106	323.362	0.854449	-0.35995	0.281206	0.247539	0.556874
0	0	0	1	0	0	0	0.1


40.3116	3.44019	360.991	0.677001	0.0384317	-0.44077	-0.588145	0.601399
0	0	0	1	0	0	0	0.1


101.835	10.5074	339.44	-0.173797	0.0337988	0.441794	0.879472	0.625627
0	0	0	1	0	0	0	0.1


66.6284	54.1836	241.965	-0.429069	0.899659	-0.0805158	0.00553691	0.794153
68.7513	73.0692	226.345	0.800907	0.35973	-0.229585	0.420039	0.834193


58.6538	29.7548	334.431	0.368445	0.162393	0.893994	0.196599	0.54246
76.6752	35.7763	318.604	-0.351627	-0.428262	0.0404869	0.831451	0.60024


0	1.32888e-311	4.45416e-312	0.5	-7.90505e-322	6.64532e-312	0	200
0	0	0	1	0	0	0	0.1


59.8079	20.3364	349.443	0.659282	-0.444494	0.526749	-0.300511	0.586576
83.5366	27.1137	350.413	0.665882	0.388714	-0.607525	-0.190831	0.551908


-13.8868	-29.2882	306.853	0.228153	0.800192	0.385666	-0.398624	0.883194
-24.4175	-45.4485	291.005	0.454438	0.0212119	0.446145	0.770708	0.960811


-35.3078	50.4519	361.361	0.215799	-0.443689	0.374019	0.78529	0.546623
0	0	0	1	0	0	0	0.1


0	0	0	1	0	0	0	0.1
0	0	0	1	0	0	0	0.1


0	0	0	1	0	0	0	0.1
0	0	0	1	0	0	0	0.1


0	0	0	1	0	0	0	0.1
0	0	0	1	0	0	0	0.1


45.8093	43.8791	316.358	0.720229	-0.346687	-0.59434	-0.0885274	0.660809
26.2473	58.931	317.317	-0.0318936	0.550549	-0.465086	0.692512	0.656877


-10.0205	-14.7078	280.433	0.371307	0.747763	0.241763	-0.494502	0.999389
-23.636	-34.4517	274.999	0.485997	-0.0418094	0.628779	0.605554	1.09186


0	0	0	1	0	0	0	0.1
0	0	0	1	0	0	0	0.1


0	0	0	1	0	0	0	0.1
0	0	0	1	0	0	0	0.1


0	0	0	1	0	0	0	0.1
0	0	0	1	0	0	0	0.1


0	0	0	1	0	0	0	0.1
0	0	0	1	0	0	0	0.1


0	0	0	1	0	0	0	0.1
0	0	0	1	0	0	0	0.1


0	0	0	1	0	0	0	0.1
0	0	0	1	0	0	0	0.1


-8.46098	-43.817	306.624	0.333914	0.249094	0.714288	-0.562358	1.02476
-3.48811	-67.6659	303.115	-0.186615	0.0204206	0.659214	0.728145	1.04827


0	0	0	1	0	0	0	0.1
0	0	0	1	0	0	0	0.1


18.0242	0.137006	348.946	0.835013	-0.427242	0.141172	-0.316684	0.705852
0	0	0	1	0	0	0	0.1


-20.8167	-13.2669	297.131	-0.367337	0.81051	-0.0269628	-0.455424	0.98189
-38.5872	1.96584	289.001	0.689236	0.555959	0.176756	0.429675	0.878941


47.432	-17.8621	266.885	-0.233248	0.737897	-0.555664	0.303878	1.1059
64.6785	-17.6273	249.111	0.924837	0.029189	-0.374936	-0.0569878	1.17422


2.98127	14.7182	289.734	-0.490646	0.751166	-0.315024	-0.309477	0.929037
-0.751162	37.7246	281.169	0.805286	0.573455	-0.00780681	0.150344	0.703749


0	0	0	1	0	0	0	0.1
0	0	0	1	0	0	0	0.1


15.1903	33.6721	308.89	0.522529	-0.704753	-0.455223	-0.15185	0.673925
8.91782	55.2997	298.852	0.345167	0.353738	-0.408059	0.767605	0.702361


33.7369	41.6771	254.692	0.579348	-0.756961	-0.285815	0.0983651	0.865288
21.9131	61.9718	247	0.475513	0.532157	-0.22804	0.662339	0.924945


62.6898	19.7293	306.401	0.56643	-0.795435	-0.205325	-0.0654421	0.690052
59.5436	42.5525	297.498	0.552052	0.434716	-0.357751	0.615041	0.672994


-0.586781	-46.6485	267.817	0.169481	0.697849	-0.681149	0.142544	1.10139
0	0	0	1	0	0	0	0.1


28.7931	-18.1927	334.19	-0.271797	0.563207	-0.213517	0.750557	0.737819
52.3779	-18.9173	340.959	0.588861	-0.177363	-0.779336	0.120087	0.72441


13.3474	-38.704	300.186	-0.0145644	0.668489	-0.525897	0.525684	1.04095
31.0072	-51.7872	288.878	0.849141	-0.277231	-0.443894	-0.0711388	1.14155


0	0	0	1	0	0	0	0.1
0	0	0	1	0	0	0	0.1


-48.1435	-50.6625	274.974	0.55856	0.441086	-0.406259	-0.573068	1.39633
-72.3311	-51.8909	281.78	0.609315	-0.138058	0.775654	-0.0896404	1.08399


30.3253	5.8429	256.454	0.455573	0.397971	0.709375	-0.361745	0.965987
39.3841	-15.6385	247.377	-0.0554618	-0.191843	0.53073	0.823679	1.24952


-4.01967	25.0249	301.503	0.541024	-0.722853	0.429804	-0.00667805	0.708175
7.62899	44.2136	291.224	0.839608	0.453963	-0.295733	0.0389607	0.663637


-15.0409	-64.4531	310.623	0.510678	0.636308	0.251988	-0.520406	0.961707
-24.9446	-87.078	312.131	0.390951	-0.143615	0.719536	0.555697	1.10973


-44.0313	-45.1489	297.534	0.126469	-0.617996	0.118388	0.766858	0.987962
-66.9816	-36.958	302.636	0.580514	0.524088	0.571767	0.247826	1.09393


21.419	-27.8812	310.278	0.315689	0.839589	0.404442	0.178488	0.848888
34.7369	-37.7376	291.499	0.475368	-0.356987	0.0530589	0.802353	1.0203


52.2862	-40.1026	286.293	-0.432812	0.633897	-0.387461	0.510609	0.944555
76.5196	-36.1766	283.177	0.750023	0.0815793	-0.655641	0.0307397	1.03977


0	0	0	1	0	0	0	0.1
0	0	0	1	0	0	0	0.1


0	0	0	1	0	0	0	0.1
0	0	0	1	0	0	0	0.1


0	0	0	1	0	0	0	0.1
0	0	0	1	0	0	0	0.1


